0 info it worked if it ends with ok
1 verbose cli [ '/Users/ariel/.nvm/versions/node/v6.11.2/bin/node',
1 verbose cli   '/Users/ariel/.nvm/versions/node/v6.11.2/bin/npm',
1 verbose cli   'install',
1 verbose cli   '--save-dev',
1 verbose cli   'babe-core',
1 verbose cli   'babel-loader',
1 verbose cli   'babel-preset-react' ]
2 info using npm@3.10.10
3 info using node@v6.11.2
4 silly loadCurrentTree Starting
5 silly install loadCurrentTree
6 silly install readLocalPackageData
7 silly fetchPackageMetaData babe-core
8 silly fetchPackageMetaData babel-loader
9 silly fetchPackageMetaData babel-preset-react
10 silly fetchNamedPackageData babe-core
11 silly mapToRegistry name babe-core
12 silly mapToRegistry using default registry
13 silly mapToRegistry registry https://registry.npmjs.org/
14 silly mapToRegistry data Result {
14 silly mapToRegistry   raw: 'babe-core',
14 silly mapToRegistry   scope: null,
14 silly mapToRegistry   escapedName: 'babe-core',
14 silly mapToRegistry   name: 'babe-core',
14 silly mapToRegistry   rawSpec: '',
14 silly mapToRegistry   spec: 'latest',
14 silly mapToRegistry   type: 'tag' }
15 silly mapToRegistry uri https://registry.npmjs.org/babe-core
16 silly fetchNamedPackageData babel-loader
17 silly mapToRegistry name babel-loader
18 silly mapToRegistry using default registry
19 silly mapToRegistry registry https://registry.npmjs.org/
20 silly mapToRegistry data Result {
20 silly mapToRegistry   raw: 'babel-loader',
20 silly mapToRegistry   scope: null,
20 silly mapToRegistry   escapedName: 'babel-loader',
20 silly mapToRegistry   name: 'babel-loader',
20 silly mapToRegistry   rawSpec: '',
20 silly mapToRegistry   spec: 'latest',
20 silly mapToRegistry   type: 'tag' }
21 silly mapToRegistry uri https://registry.npmjs.org/babel-loader
22 silly fetchNamedPackageData babel-preset-react
23 silly mapToRegistry name babel-preset-react
24 silly mapToRegistry using default registry
25 silly mapToRegistry registry https://registry.npmjs.org/
26 silly mapToRegistry data Result {
26 silly mapToRegistry   raw: 'babel-preset-react',
26 silly mapToRegistry   scope: null,
26 silly mapToRegistry   escapedName: 'babel-preset-react',
26 silly mapToRegistry   name: 'babel-preset-react',
26 silly mapToRegistry   rawSpec: '',
26 silly mapToRegistry   spec: 'latest',
26 silly mapToRegistry   type: 'tag' }
27 silly mapToRegistry uri https://registry.npmjs.org/babel-preset-react
28 verbose request uri https://registry.npmjs.org/babe-core
29 verbose request no auth needed
30 info attempt registry request try #1 at 4:24:14 PM
31 verbose request id 7edef2534734c821
32 http request GET https://registry.npmjs.org/babe-core
33 verbose request uri https://registry.npmjs.org/babel-preset-react
34 verbose request no auth needed
35 info attempt registry request try #1 at 4:24:14 PM
36 verbose etag W/"5a046bf1-de59"
37 verbose lastModified Thu, 09 Nov 2017 14:53:37 GMT
38 http request GET https://registry.npmjs.org/babel-preset-react
39 verbose request uri https://registry.npmjs.org/babel-loader
40 verbose request no auth needed
41 info attempt registry request try #1 at 4:24:14 PM
42 verbose etag W/"59f8fb9f-1969c"
43 verbose lastModified Tue, 31 Oct 2017 22:39:27 GMT
44 http request GET https://registry.npmjs.org/babel-loader
45 http 304 https://registry.npmjs.org/babel-loader
46 verbose headers { date: 'Sat, 18 Nov 2017 21:24:13 GMT',
46 verbose headers   via: '1.1 varnish',
46 verbose headers   'cache-control': 'max-age=300',
46 verbose headers   etag: 'W/"59f8fb9f-1969c"',
46 verbose headers   age: '0',
46 verbose headers   connection: 'keep-alive',
46 verbose headers   'x-served-by': 'cache-mia17635-MIA',
46 verbose headers   'x-cache': 'HIT',
46 verbose headers   'x-cache-hits': '1',
46 verbose headers   'x-timer': 'S1511040254.660846,VS0,VE35',
46 verbose headers   vary: 'Accept-Encoding, Accept' }
47 silly get cb [ 304,
47 silly get   { date: 'Sat, 18 Nov 2017 21:24:13 GMT',
47 silly get     via: '1.1 varnish',
47 silly get     'cache-control': 'max-age=300',
47 silly get     etag: 'W/"59f8fb9f-1969c"',
47 silly get     age: '0',
47 silly get     connection: 'keep-alive',
47 silly get     'x-served-by': 'cache-mia17635-MIA',
47 silly get     'x-cache': 'HIT',
47 silly get     'x-cache-hits': '1',
47 silly get     'x-timer': 'S1511040254.660846,VS0,VE35',
47 silly get     vary: 'Accept-Encoding, Accept' } ]
48 verbose etag https://registry.npmjs.org/babel-loader from cache
49 verbose get saving babel-loader to /Users/ariel/.npm/registry.npmjs.org/babel-loader/.cache.json
50 verbose correctMkdir /Users/ariel/.npm correctMkdir not in flight; initializing
51 http 304 https://registry.npmjs.org/babel-preset-react
52 verbose headers { date: 'Sat, 18 Nov 2017 21:24:13 GMT',
52 verbose headers   via: '1.1 varnish',
52 verbose headers   'cache-control': 'max-age=300',
52 verbose headers   etag: 'W/"5a046bf1-de59"',
52 verbose headers   age: '0',
52 verbose headers   connection: 'keep-alive',
52 verbose headers   'x-served-by': 'cache-mia17628-MIA',
52 verbose headers   'x-cache': 'HIT',
52 verbose headers   'x-cache-hits': '1',
52 verbose headers   'x-timer': 'S1511040254.660856,VS0,VE168',
52 verbose headers   vary: 'Accept-Encoding, Accept' }
53 silly get cb [ 304,
53 silly get   { date: 'Sat, 18 Nov 2017 21:24:13 GMT',
53 silly get     via: '1.1 varnish',
53 silly get     'cache-control': 'max-age=300',
53 silly get     etag: 'W/"5a046bf1-de59"',
53 silly get     age: '0',
53 silly get     connection: 'keep-alive',
53 silly get     'x-served-by': 'cache-mia17628-MIA',
53 silly get     'x-cache': 'HIT',
53 silly get     'x-cache-hits': '1',
53 silly get     'x-timer': 'S1511040254.660856,VS0,VE168',
53 silly get     vary: 'Accept-Encoding, Accept' } ]
54 verbose etag https://registry.npmjs.org/babel-preset-react from cache
55 verbose get saving babel-preset-react to /Users/ariel/.npm/registry.npmjs.org/babel-preset-react/.cache.json
56 verbose correctMkdir /Users/ariel/.npm correctMkdir not in flight; initializing
57 http 404 https://registry.npmjs.org/babe-core
58 verbose headers { 'content-type': 'application/json',
58 verbose headers   'cache-control': 'max-age=0',
58 verbose headers   'content-length': '2',
58 verbose headers   'accept-ranges': 'bytes',
58 verbose headers   date: 'Sat, 18 Nov 2017 21:24:14 GMT',
58 verbose headers   via: '1.1 varnish',
58 verbose headers   age: '0',
58 verbose headers   connection: 'keep-alive',
58 verbose headers   'x-served-by': 'cache-mia17634-MIA',
58 verbose headers   'x-cache': 'MISS',
58 verbose headers   'x-cache-hits': '0',
58 verbose headers   'x-timer': 'S1511040254.668246,VS0,VE334',
58 verbose headers   vary: 'Accept-Encoding' }
59 silly get cb [ 404,
59 silly get   { 'content-type': 'application/json',
59 silly get     'cache-control': 'max-age=0',
59 silly get     'content-length': '2',
59 silly get     'accept-ranges': 'bytes',
59 silly get     date: 'Sat, 18 Nov 2017 21:24:14 GMT',
59 silly get     via: '1.1 varnish',
59 silly get     age: '0',
59 silly get     connection: 'keep-alive',
59 silly get     'x-served-by': 'cache-mia17634-MIA',
59 silly get     'x-cache': 'MISS',
59 silly get     'x-cache-hits': '0',
59 silly get     'x-timer': 'S1511040254.668246,VS0,VE334',
59 silly get     vary: 'Accept-Encoding' } ]
60 silly fetchPackageMetaData Error: Registry returned 404 for GET on https://registry.npmjs.org/babe-core
60 silly fetchPackageMetaData     at makeError (/Users/ariel/.nvm/versions/node/v6.11.2/lib/node_modules/npm/node_modules/npm-registry-client/lib/request.js:302:12)
60 silly fetchPackageMetaData     at CachingRegistryClient.<anonymous> (/Users/ariel/.nvm/versions/node/v6.11.2/lib/node_modules/npm/node_modules/npm-registry-client/lib/request.js:280:14)
60 silly fetchPackageMetaData     at Request._callback (/Users/ariel/.nvm/versions/node/v6.11.2/lib/node_modules/npm/node_modules/npm-registry-client/lib/request.js:210:14)
60 silly fetchPackageMetaData     at Request.self.callback (/Users/ariel/.nvm/versions/node/v6.11.2/lib/node_modules/npm/node_modules/request/request.js:187:22)
60 silly fetchPackageMetaData     at emitTwo (events.js:106:13)
60 silly fetchPackageMetaData     at Request.emit (events.js:191:7)
60 silly fetchPackageMetaData     at Request.<anonymous> (/Users/ariel/.nvm/versions/node/v6.11.2/lib/node_modules/npm/node_modules/request/request.js:1048:10)
60 silly fetchPackageMetaData     at emitOne (events.js:96:13)
60 silly fetchPackageMetaData     at Request.emit (events.js:188:7)
60 silly fetchPackageMetaData     at IncomingMessage.<anonymous> (/Users/ariel/.nvm/versions/node/v6.11.2/lib/node_modules/npm/node_modules/request/request.js:969:12)
60 silly fetchPackageMetaData  error for babe-core { Error: Registry returned 404 for GET on https://registry.npmjs.org/babe-core
60 silly fetchPackageMetaData     at makeError (/Users/ariel/.nvm/versions/node/v6.11.2/lib/node_modules/npm/node_modules/npm-registry-client/lib/request.js:302:12)
60 silly fetchPackageMetaData     at CachingRegistryClient.<anonymous> (/Users/ariel/.nvm/versions/node/v6.11.2/lib/node_modules/npm/node_modules/npm-registry-client/lib/request.js:280:14)
60 silly fetchPackageMetaData     at Request._callback (/Users/ariel/.nvm/versions/node/v6.11.2/lib/node_modules/npm/node_modules/npm-registry-client/lib/request.js:210:14)
60 silly fetchPackageMetaData     at Request.self.callback (/Users/ariel/.nvm/versions/node/v6.11.2/lib/node_modules/npm/node_modules/request/request.js:187:22)
60 silly fetchPackageMetaData     at emitTwo (events.js:106:13)
60 silly fetchPackageMetaData     at Request.emit (events.js:191:7)
60 silly fetchPackageMetaData     at Request.<anonymous> (/Users/ariel/.nvm/versions/node/v6.11.2/lib/node_modules/npm/node_modules/request/request.js:1048:10)
60 silly fetchPackageMetaData     at emitOne (events.js:96:13)
60 silly fetchPackageMetaData     at Request.emit (events.js:188:7)
60 silly fetchPackageMetaData     at IncomingMessage.<anonymous> (/Users/ariel/.nvm/versions/node/v6.11.2/lib/node_modules/npm/node_modules/request/request.js:969:12) pkgid: 'babe-core', statusCode: 404, code: 'E404' }
61 silly rollbackFailedOptional Starting
62 silly rollbackFailedOptional Finishing
63 silly runTopLevelLifecycles Finishing
64 silly install printInstalled
65 verbose stack Error: Registry returned 404 for GET on https://registry.npmjs.org/babe-core
65 verbose stack     at makeError (/Users/ariel/.nvm/versions/node/v6.11.2/lib/node_modules/npm/node_modules/npm-registry-client/lib/request.js:302:12)
65 verbose stack     at CachingRegistryClient.<anonymous> (/Users/ariel/.nvm/versions/node/v6.11.2/lib/node_modules/npm/node_modules/npm-registry-client/lib/request.js:280:14)
65 verbose stack     at Request._callback (/Users/ariel/.nvm/versions/node/v6.11.2/lib/node_modules/npm/node_modules/npm-registry-client/lib/request.js:210:14)
65 verbose stack     at Request.self.callback (/Users/ariel/.nvm/versions/node/v6.11.2/lib/node_modules/npm/node_modules/request/request.js:187:22)
65 verbose stack     at emitTwo (events.js:106:13)
65 verbose stack     at Request.emit (events.js:191:7)
65 verbose stack     at Request.<anonymous> (/Users/ariel/.nvm/versions/node/v6.11.2/lib/node_modules/npm/node_modules/request/request.js:1048:10)
65 verbose stack     at emitOne (events.js:96:13)
65 verbose stack     at Request.emit (events.js:188:7)
65 verbose stack     at IncomingMessage.<anonymous> (/Users/ariel/.nvm/versions/node/v6.11.2/lib/node_modules/npm/node_modules/request/request.js:969:12)
66 verbose statusCode 404
67 verbose pkgid babe-core
68 verbose cwd /Users/ariel/dev/labs/js/react-notes
69 error Darwin 15.6.0
70 error argv "/Users/ariel/.nvm/versions/node/v6.11.2/bin/node" "/Users/ariel/.nvm/versions/node/v6.11.2/bin/npm" "install" "--save-dev" "babe-core" "babel-loader" "babel-preset-react"
71 error node v6.11.2
72 error npm  v3.10.10
73 error code E404
74 error 404 Registry returned 404 for GET on https://registry.npmjs.org/babe-core
75 error 404
76 error 404 'babe-core' is not in the npm registry.
77 error 404 You should bug the author to publish it (or use the name yourself!)
78 error 404 Note that you can also install from a
79 error 404 tarball, folder, http url, or git url.
80 verbose exit [ 1, true ]
